2023-08-19 01:02:45,264 INFO o.a.j.u.JMeterUtils: Setting Locale to en_EN
2023-08-19 01:02:45,346 INFO o.a.j.JMeter: Loading user properties from: user.properties
2023-08-19 01:02:45,348 INFO o.a.j.JMeter: Loading system properties from: system.properties
2023-08-19 01:02:45,362 INFO o.a.j.JMeter: Copyright (c) 1998-2022 The Apache Software Foundation
2023-08-19 01:02:45,364 INFO o.a.j.JMeter: Version 5.5
2023-08-19 01:02:45,364 INFO o.a.j.JMeter: java.version=11.0.16
2023-08-19 01:02:45,364 INFO o.a.j.JMeter: java.vm.name=Java HotSpot(TM) 64-Bit Server VM
2023-08-19 01:02:45,364 INFO o.a.j.JMeter: os.name=Windows 10
2023-08-19 01:02:45,364 INFO o.a.j.JMeter: os.arch=amd64
2023-08-19 01:02:45,364 INFO o.a.j.JMeter: os.version=10.0
2023-08-19 01:02:45,365 INFO o.a.j.JMeter: file.encoding=Cp1252
2023-08-19 01:02:45,365 INFO o.a.j.JMeter: java.awt.headless=null
2023-08-19 01:02:45,365 INFO o.a.j.JMeter: Max memory     =1073741824
2023-08-19 01:02:45,365 INFO o.a.j.JMeter: Available Processors =4
2023-08-19 01:02:45,392 INFO o.a.j.JMeter: Default Locale=English (EN)
2023-08-19 01:02:45,392 INFO o.a.j.JMeter: JMeter  Locale=English (EN)
2023-08-19 01:02:45,393 INFO o.a.j.JMeter: JMeterHome=D:\gitperformanceupload\apache-jmeter-5.5
2023-08-19 01:02:45,393 INFO o.a.j.JMeter: user.dir  =D:\gitperformanceupload\apache-jmeter-5.5\bin
2023-08-19 01:02:45,393 INFO o.a.j.JMeter: PWD       =D:\gitperformanceupload\apache-jmeter-5.5\bin
2023-08-19 01:02:45,397 INFO o.a.j.JMeter: IP: 10.200.24.81 Name: WIN-7C0NTN2 FullName: WIN-7C0NTN2.infotech.com
2023-08-19 01:02:45,428 INFO o.a.j.JMeter: Loaded icon properties from org/apache/jmeter/images/icon.properties
2023-08-19 01:02:46,120 INFO o.a.j.JMeterGuiLauncher: Setting LAF to: laf:com.sun.java.swing.plaf.windows.WindowsLookAndFeel
2023-08-19 01:02:49,760 WARN o.j.r.PluginManager: Found JAR conflict: D:\gitperformanceupload\apache-jmeter-5.5\lib\ext\jmeter-plugins-manager-1.8.jar and D:\gitperformanceupload\apache-jmeter-5.5\lib\ext\jmeter-plugins-manager-1.6.jar
2023-08-19 01:02:51,249 INFO o.j.r.JARSourceHTTP: Requesting https://jmeter-plugins.org/repo/?installID=windows_10-28c5717413ee9af986d0d41dc4dc90b4-gui
2023-08-19 01:02:57,940 INFO o.j.r.PluginManager: Plugins Status: [jpgc-casutg=2.10, jpgc-plugins-manager=1.6, jmeter-core=5.5, jmeter-ftp=5.5, jmeter-http=5.5, jmeter-jdbc=5.5, jmeter-jms=5.5, jmeter-junit=5.5, jmeter-java=5.5, jmeter-ldap=5.5, jmeter-mail=5.5, jmeter-mongodb=5.5, jmeter-native=5.5, jmeter-tcp=5.5, jmeter-components=5.5]
2023-08-19 01:02:57,966 INFO o.j.r.PluginManagerMenuItem: Plugins Manager has upgrades: [jpgc-plugins-manager]
2023-08-19 01:03:10,368 INFO o.a.j.s.FileServer: Default base='D:\gitperformanceupload\apache-jmeter-5.5\bin'
2023-08-19 01:03:10,373 INFO o.a.j.g.a.Load: Loading file: D:\gitperformanceupload\Jpetstore_Script_Tarus.jmx
2023-08-19 01:03:10,373 INFO o.a.j.s.FileServer: Set new base='D:\gitperformanceupload'
2023-08-19 01:03:10,868 INFO o.a.j.s.SaveService: Testplan (JMX) version: 2.2. Testlog (JTL) version: 2.2
2023-08-19 01:03:10,909 INFO o.a.j.s.SaveService: Using SaveService properties version 5.0
2023-08-19 01:03:10,909 INFO o.a.j.s.SaveService: Using SaveService properties file encoding UTF-8
2023-08-19 01:03:10,914 INFO o.a.j.s.SaveService: Loading file: D:\gitperformanceupload\Jpetstore_Script_Tarus.jmx
2023-08-19 01:03:11,418 INFO o.a.j.p.h.c.CookieManager: Settings: Delete null: true Check: true Allow variable: true Save: false Prefix: COOKIE_
2023-08-19 01:03:11,469 INFO o.a.j.p.h.s.HTTPSamplerBase: Parser for text/html is org.apache.jmeter.protocol.http.parser.LagartoBasedHtmlParser
2023-08-19 01:03:11,470 INFO o.a.j.p.h.s.HTTPSamplerBase: Parser for application/xhtml+xml is org.apache.jmeter.protocol.http.parser.LagartoBasedHtmlParser
2023-08-19 01:03:11,470 INFO o.a.j.p.h.s.HTTPSamplerBase: Parser for application/xml is org.apache.jmeter.protocol.http.parser.LagartoBasedHtmlParser
2023-08-19 01:03:11,470 INFO o.a.j.p.h.s.HTTPSamplerBase: Parser for text/xml is org.apache.jmeter.protocol.http.parser.LagartoBasedHtmlParser
2023-08-19 01:03:11,470 INFO o.a.j.p.h.s.HTTPSamplerBase: Parser for text/vnd.wap.wml is org.apache.jmeter.protocol.http.parser.RegexpHTMLParser
2023-08-19 01:03:11,470 INFO o.a.j.p.h.s.HTTPSamplerBase: Parser for text/css is org.apache.jmeter.protocol.http.parser.CssParser
2023-08-19 01:03:11,505 INFO o.a.j.s.SampleResult: Note: Sample TimeStamps are START times
2023-08-19 01:03:11,505 INFO o.a.j.s.SampleResult: sampleresult.default.encoding is set to ISO-8859-1
2023-08-19 01:03:11,505 INFO o.a.j.s.SampleResult: sampleresult.useNanoTime=true
2023-08-19 01:03:11,505 INFO o.a.j.s.SampleResult: sampleresult.nanoThreadSleep=5000
2023-08-19 01:03:12,256 INFO o.a.j.e.KeyToolUtils: keytool found at 'keytool'
2023-08-19 01:03:12,258 INFO o.a.j.p.h.p.ProxyControl: HTTP(S) Test Script Recorder SSL Proxy will use keys that support embedded 3rd party resources in file D:\gitperformanceupload\apache-jmeter-5.5\bin\proxyserver.jks
2023-08-19 01:03:13,094 INFO o.a.j.e.u.CompoundVariable: Note: Function class names must contain the string: '.functions.'
2023-08-19 01:03:13,095 INFO o.a.j.e.u.CompoundVariable: Note: Function class names must not contain the string: '.gui.'
2023-08-19 01:03:14,264 INFO o.a.j.v.ViewResultsFullVisualizer: Add JavaFX to your Java installation if you want to use renderer: org.apache.jmeter.visualizers.RenderInBrowser
2023-08-19 01:03:14,745 INFO o.a.j.v.ViewResultsFullVisualizer: Add JavaFX to your Java installation if you want to use renderer: org.apache.jmeter.visualizers.RenderInBrowser
2023-08-19 01:03:14,896 INFO o.a.j.s.FileServer: Set new base='D:\gitperformanceupload'
